c7:00:30 AM - Starting compilation in watch mode...


7:00:32 AM - Found 0 errors. Watching for file changes.
c7:31:18 AM - Starting compilation in watch mode...


7:31:21 AM - Found 0 errors. Watching for file changes.
c7:44:17 AM - File change detected. Starting incremental compilation...


7:44:17 AM - Found 0 errors. Watching for file changes.
c7:49:25 AM - File change detected. Starting incremental compilation...


7:49:26 AM - Found 0 errors. Watching for file changes.
c7:53:22 AM - File change detected. Starting incremental compilation...


7:53:22 AM - Found 0 errors. Watching for file changes.
c7:55:01 AM - File change detected. Starting incremental compilation...


7:55:01 AM - Found 0 errors. Watching for file changes.
c7:55:02 AM - File change detected. Starting incremental compilation...


7:55:02 AM - Found 0 errors. Watching for file changes.
c7:55:04 AM - File change detected. Starting incremental compilation...


7:55:06 AM - Found 0 errors. Watching for file changes.
c7:55:57 AM - File change detected. Starting incremental compilation...


7:55:58 AM - Found 0 errors. Watching for file changes.
c8:04:53 AM - File change detected. Starting incremental compilation...


8:04:55 AM - Found 0 errors. Watching for file changes.
c8:58:03 AM - File change detected. Starting incremental compilation...


8:58:04 AM - Found 0 errors. Watching for file changes.
c9:08:30 AM - Starting compilation in watch mode...


9:08:33 AM - Found 0 errors. Watching for file changes.
c9:49:42 AM - File change detected. Starting incremental compilation...


9:49:42 AM - Found 0 errors. Watching for file changes.
c9:50:17 AM - File change detected. Starting incremental compilation...


9:50:17 AM - Found 0 errors. Watching for file changes.
c9:50:49 AM - File change detected. Starting incremental compilation...


9:50:49 AM - Found 0 errors. Watching for file changes.
c9:51:05 AM - File change detected. Starting incremental compilation...


9:51:05 AM - Found 0 errors. Watching for file changes.
c9:51:08 AM - File change detected. Starting incremental compilation...


9:51:08 AM - Found 0 errors. Watching for file changes.
c9:51:29 AM - File change detected. Starting incremental compilation...


9:51:29 AM - Found 0 errors. Watching for file changes.
c9:52:05 AM - File change detected. Starting incremental compilation...


9:52:06 AM - Found 0 errors. Watching for file changes.
c9:55:18 AM - File change detected. Starting incremental compilation...


9:55:18 AM - Found 0 errors. Watching for file changes.
c10:28:37 AM - File change detected. Starting incremental compilation...


10:28:37 AM - Found 0 errors. Watching for file changes.
c10:30:03 AM - File change detected. Starting incremental compilation...


10:30:03 AM - Found 0 errors. Watching for file changes.
c11:16:02 AM - File change detected. Starting incremental compilation...


11:16:03 AM - Found 0 errors. Watching for file changes.
c11:16:07 AM - File change detected. Starting incremental compilation...


11:16:07 AM - Found 0 errors. Watching for file changes.
c12:53:32 PM - Starting compilation in watch mode...


12:53:35 PM - Found 0 errors. Watching for file changes.
c12:53:53 PM - Starting compilation in watch mode...


12:53:56 PM - Found 0 errors. Watching for file changes.
c1:35:36 PM - Starting compilation in watch mode...


1:35:38 PM - Found 0 errors. Watching for file changes.
c1:44:24 PM - Starting compilation in watch mode...


1:44:26 PM - Found 0 errors. Watching for file changes.
c2:07:32 PM - Starting compilation in watch mode...


2:07:34 PM - Found 0 errors. Watching for file changes.
c2:09:45 PM - File change detected. Starting incremental compilation...


2:09:46 PM - Found 0 errors. Watching for file changes.
c2:13:27 PM - File change detected. Starting incremental compilation...


2:13:27 PM - Found 0 errors. Watching for file changes.
c2:17:48 PM - File change detected. Starting incremental compilation...


2:17:48 PM - Found 0 errors. Watching for file changes.
c2:17:59 PM - File change detected. Starting incremental compilation...


2:17:59 PM - Found 0 errors. Watching for file changes.
c2:19:20 PM - File change detected. Starting incremental compilation...


2:19:20 PM - Found 0 errors. Watching for file changes.
c2:19:30 PM - File change detected. Starting incremental compilation...


2:19:30 PM - Found 0 errors. Watching for file changes.
c2:36:25 PM - File change detected. Starting incremental compilation...

src/controllers/productController.ts(94,15): error TS2741: Property 'rent' is missing in type '{ id: number; name: string; description: string; unit: number; stock: number; cost: number; price: number; isRecipe: string; categories: any; wholesale: number; }' but required in type 'productToEmit'.

2:36:26 PM - Found 1 error. Watching for file changes.
c2:36:32 PM - File change detected. Starting incremental compilation...


2:36:32 PM - Found 0 errors. Watching for file changes.
c2:36:39 PM - File change detected. Starting incremental compilation...


2:36:39 PM - Found 0 errors. Watching for file changes.
c2:39:57 PM - Starting compilation in watch mode...


2:39:59 PM - Found 0 errors. Watching for file changes.
c3:12:15 PM - File change detected. Starting incremental compilation...


3:12:16 PM - Found 0 errors. Watching for file changes.
c3:25:12 PM - File change detected. Starting incremental compilation...


3:25:12 PM - Found 0 errors. Watching for file changes.
c3:32:01 PM - File change detected. Starting incremental compilation...


3:32:02 PM - Found 0 errors. Watching for file changes.
c3:32:34 PM - File change detected. Starting incremental compilation...


3:32:34 PM - Found 0 errors. Watching for file changes.
c3:32:54 PM - File change detected. Starting incremental compilation...


3:32:54 PM - Found 0 errors. Watching for file changes.
c3:39:40 PM - File change detected. Starting incremental compilation...


3:39:40 PM - Found 0 errors. Watching for file changes.
c3:41:38 PM - File change detected. Starting incremental compilation...


3:41:38 PM - Found 0 errors. Watching for file changes.
c3:45:07 PM - File change detected. Starting incremental compilation...


3:45:07 PM - Found 0 errors. Watching for file changes.
c3:45:16 PM - File change detected. Starting incremental compilation...


3:45:16 PM - Found 0 errors. Watching for file changes.
c3:45:24 PM - File change detected. Starting incremental compilation...


3:45:25 PM - Found 0 errors. Watching for file changes.
c3:45:34 PM - File change detected. Starting incremental compilation...


3:45:34 PM - Found 0 errors. Watching for file changes.
c3:46:22 PM - File change detected. Starting incremental compilation...

src/controllers/productController.ts(437,21): error TS2339: Property 'amount' does not exist on type 'productToSell[]'.
src/controllers/productController.ts(438,21): error TS2339: Property 'amount' does not exist on type 'productToSell[]'.
src/controllers/productController.ts(439,21): error TS2339: Property 'id' does not exist on type 'productToSell[]'.

3:46:22 PM - Found 3 errors. Watching for file changes.
c3:46:47 PM - File change detected. Starting incremental compilation...


3:46:47 PM - Found 0 errors. Watching for file changes.
c3:48:12 PM - File change detected. Starting incremental compilation...


3:48:12 PM - Found 0 errors. Watching for file changes.
c3:48:14 PM - File change detected. Starting incremental compilation...


3:48:14 PM - Found 0 errors. Watching for file changes.
c3:48:31 PM - File change detected. Starting incremental compilation...


3:48:31 PM - Found 0 errors. Watching for file changes.
c3:49:13 PM - File change detected. Starting incremental compilation...

src/controllers/productController.ts(443,54): error TS2554: Expected 0-1 arguments, but got 2.

3:49:13 PM - Found 1 error. Watching for file changes.
c3:49:36 PM - File change detected. Starting incremental compilation...


3:49:37 PM - Found 0 errors. Watching for file changes.
c3:50:00 PM - File change detected. Starting incremental compilation...


3:50:00 PM - Found 0 errors. Watching for file changes.
c3:50:01 PM - File change detected. Starting incremental compilation...


3:50:01 PM - Found 0 errors. Watching for file changes.
c3:50:03 PM - File change detected. Starting incremental compilation...


3:50:03 PM - Found 0 errors. Watching for file changes.
c3:51:37 PM - File change detected. Starting incremental compilation...


3:51:37 PM - Found 0 errors. Watching for file changes.
c3:52:14 PM - File change detected. Starting incremental compilation...


3:52:14 PM - Found 0 errors. Watching for file changes.
c3:52:45 PM - File change detected. Starting incremental compilation...


3:52:45 PM - Found 0 errors. Watching for file changes.
c3:52:56 PM - File change detected. Starting incremental compilation...


3:52:56 PM - Found 0 errors. Watching for file changes.
c3:53:26 PM - File change detected. Starting incremental compilation...

src/controllers/productController.ts(449,18): error TS1123: Variable declaration list cannot be empty.

3:53:27 PM - Found 1 error. Watching for file changes.
c3:53:56 PM - File change detected. Starting incremental compilation...


3:53:56 PM - Found 0 errors. Watching for file changes.
c3:54:35 PM - File change detected. Starting incremental compilation...


3:54:35 PM - Found 0 errors. Watching for file changes.
c3:56:05 PM - File change detected. Starting incremental compilation...


3:56:05 PM - Found 0 errors. Watching for file changes.
c4:07:01 PM - File change detected. Starting incremental compilation...


4:07:01 PM - Found 0 errors. Watching for file changes.
c4:07:35 PM - File change detected. Starting incremental compilation...


4:07:35 PM - Found 0 errors. Watching for file changes.
c4:08:25 PM - File change detected. Starting incremental compilation...


4:08:25 PM - Found 0 errors. Watching for file changes.
c4:08:40 PM - File change detected. Starting incremental compilation...


4:08:40 PM - Found 0 errors. Watching for file changes.
c4:10:03 PM - File change detected. Starting incremental compilation...


4:10:03 PM - Found 0 errors. Watching for file changes.
c4:10:18 PM - File change detected. Starting incremental compilation...


4:10:19 PM - Found 0 errors. Watching for file changes.
c4:10:51 PM - File change detected. Starting incremental compilation...


4:10:51 PM - Found 0 errors. Watching for file changes.
c4:11:58 PM - File change detected. Starting incremental compilation...


4:11:58 PM - Found 0 errors. Watching for file changes.
c4:12:43 PM - File change detected. Starting incremental compilation...


4:12:43 PM - Found 0 errors. Watching for file changes.
c4:16:57 PM - File change detected. Starting incremental compilation...


4:16:57 PM - Found 0 errors. Watching for file changes.
c4:17:13 PM - File change detected. Starting incremental compilation...


4:17:13 PM - Found 0 errors. Watching for file changes.
c4:18:22 PM - File change detected. Starting incremental compilation...


4:18:22 PM - Found 0 errors. Watching for file changes.
c4:18:46 PM - File change detected. Starting incremental compilation...


4:18:47 PM - Found 0 errors. Watching for file changes.
c4:20:35 PM - File change detected. Starting incremental compilation...


4:20:35 PM - Found 0 errors. Watching for file changes.
c4:21:13 PM - File change detected. Starting incremental compilation...


4:21:13 PM - Found 0 errors. Watching for file changes.
c4:21:30 PM - File change detected. Starting incremental compilation...


4:21:31 PM - Found 0 errors. Watching for file changes.
c4:23:20 PM - File change detected. Starting incremental compilation...


4:23:21 PM - Found 0 errors. Watching for file changes.
c4:23:24 PM - File change detected. Starting incremental compilation...


4:23:24 PM - Found 0 errors. Watching for file changes.
c4:23:44 PM - File change detected. Starting incremental compilation...


4:23:44 PM - Found 0 errors. Watching for file changes.
c4:25:00 PM - File change detected. Starting incremental compilation...


4:25:00 PM - Found 0 errors. Watching for file changes.
c4:25:30 PM - File change detected. Starting incremental compilation...


4:25:30 PM - Found 0 errors. Watching for file changes.
c4:26:16 PM - File change detected. Starting incremental compilation...


4:26:17 PM - Found 0 errors. Watching for file changes.
c4:26:43 PM - File change detected. Starting incremental compilation...


4:26:43 PM - Found 0 errors. Watching for file changes.
c4:26:54 PM - File change detected. Starting incremental compilation...


4:26:54 PM - Found 0 errors. Watching for file changes.
c4:27:00 PM - File change detected. Starting incremental compilation...


4:27:00 PM - Found 0 errors. Watching for file changes.
c4:29:07 PM - File change detected. Starting incremental compilation...


4:29:07 PM - Found 0 errors. Watching for file changes.
c4:36:27 PM - File change detected. Starting incremental compilation...


4:36:27 PM - Found 0 errors. Watching for file changes.
c4:36:34 PM - File change detected. Starting incremental compilation...


4:36:34 PM - Found 0 errors. Watching for file changes.
c4:36:36 PM - File change detected. Starting incremental compilation...


4:36:36 PM - Found 0 errors. Watching for file changes.
c4:37:32 PM - File change detected. Starting incremental compilation...


4:37:32 PM - Found 0 errors. Watching for file changes.
c4:38:21 PM - File change detected. Starting incremental compilation...


4:38:21 PM - Found 0 errors. Watching for file changes.
c4:41:26 PM - File change detected. Starting incremental compilation...


4:41:26 PM - Found 0 errors. Watching for file changes.
c4:41:32 PM - File change detected. Starting incremental compilation...


4:41:32 PM - Found 0 errors. Watching for file changes.
c4:41:37 PM - File change detected. Starting incremental compilation...


4:41:37 PM - Found 0 errors. Watching for file changes.
c4:44:20 PM - File change detected. Starting incremental compilation...


4:44:21 PM - Found 0 errors. Watching for file changes.
c4:46:15 PM - File change detected. Starting incremental compilation...


4:46:15 PM - Found 0 errors. Watching for file changes.
c4:46:51 PM - File change detected. Starting incremental compilation...


4:46:51 PM - Found 0 errors. Watching for file changes.
c4:47:34 PM - File change detected. Starting incremental compilation...


4:47:34 PM - Found 0 errors. Watching for file changes.
c4:47:44 PM - File change detected. Starting incremental compilation...


4:47:44 PM - Found 0 errors. Watching for file changes.
c4:48:07 PM - File change detected. Starting incremental compilation...


4:48:07 PM - Found 0 errors. Watching for file changes.
c4:48:11 PM - File change detected. Starting incremental compilation...


4:48:11 PM - Found 0 errors. Watching for file changes.
c4:48:53 PM - File change detected. Starting incremental compilation...


4:48:53 PM - Found 0 errors. Watching for file changes.
c5:02:07 PM - File change detected. Starting incremental compilation...


5:02:07 PM - Found 0 errors. Watching for file changes.
c5:10:55 PM - File change detected. Starting incremental compilation...


5:10:55 PM - Found 0 errors. Watching for file changes.
c5:11:43 PM - File change detected. Starting incremental compilation...


5:11:43 PM - Found 0 errors. Watching for file changes.
c5:11:50 PM - File change detected. Starting incremental compilation...


5:11:50 PM - Found 0 errors. Watching for file changes.
c5:11:55 PM - File change detected. Starting incremental compilation...


5:11:55 PM - Found 0 errors. Watching for file changes.
c5:13:07 PM - File change detected. Starting incremental compilation...


5:13:07 PM - Found 0 errors. Watching for file changes.
c9:06:42 PM - File change detected. Starting incremental compilation...


9:06:43 PM - Found 0 errors. Watching for file changes.
c9:06:45 PM - File change detected. Starting incremental compilation...


9:06:45 PM - Found 0 errors. Watching for file changes.
c9:08:51 PM - File change detected. Starting incremental compilation...


9:08:52 PM - Found 0 errors. Watching for file changes.
c9:10:52 PM - File change detected. Starting incremental compilation...


9:10:53 PM - Found 0 errors. Watching for file changes.
<<<<<<< Updated upstream
c2:42:00 PM - Starting compilation in watch mode...

src/controllers/clientController.ts(3,34): error TS2305: Module '"@/schemas"' has no exported member 'clientProduct'.
src/controllers/productController.ts(1,10): error TS2305: Module '"@/schemas/productSchema"' has no exported member 'productReturning'.
src/controllers/productController.ts(1,28): error TS2305: Module '"@/schemas/productSchema"' has no exported member 'productReturnTransaction'.
src/controllers/productController.ts(1,54): error TS2305: Module '"@/schemas/productSchema"' has no exported member 'productStock'.
src/controllers/productController.ts(3,163): error TS2305: Module '"@/schemas"' has no exported member 'productBasicTransaction'.

2:42:01 PM - Found 5 errors. Watching for file changes.
c2:42:22 PM - File change detected. Starting incremental compilation...

src/controllers/clientController.ts(3,34): error TS2305: Module '"@/schemas"' has no exported member 'clientProduct'.
src/controllers/productController.ts(1,10): error TS2305: Module '"@/schemas/productSchema"' has no exported member 'productReturning'.
src/controllers/productController.ts(1,28): error TS2305: Module '"@/schemas/productSchema"' has no exported member 'productReturnTransaction'.
src/controllers/productController.ts(1,54): error TS2305: Module '"@/schemas/productSchema"' has no exported member 'productStock'.
src/controllers/productController.ts(3,163): error TS2305: Module '"@/schemas"' has no exported member 'productBasicTransaction'.

2:42:23 PM - Found 5 errors. Watching for file changes.
c4:08:19 PM - File change detected. Starting incremental compilation...

src/controllers/clientController.ts(3,34): error TS2305: Module '"@/schemas"' has no exported member 'clientProduct'.
src/controllers/productController.ts(1,10): error TS2305: Module '"@/schemas/productSchema"' has no exported member 'productReturning'.
src/controllers/productController.ts(1,28): error TS2305: Module '"@/schemas/productSchema"' has no exported member 'productReturnTransaction'.
src/controllers/productController.ts(1,54): error TS2305: Module '"@/schemas/productSchema"' has no exported member 'productStock'.
src/controllers/productController.ts(3,163): error TS2305: Module '"@/schemas"' has no exported member 'productBasicTransaction'.

4:08:19 PM - Found 5 errors. Watching for file changes.
c4:24:21 PM - Starting compilation in watch mode...

src/controllers/clientController.ts(3,34): error TS2305: Module '"@/schemas"' has no exported member 'clientProduct'.
src/controllers/productController.ts(1,10): error TS2305: Module '"@/schemas/productSchema"' has no exported member 'productReturning'.
src/controllers/productController.ts(1,28): error TS2305: Module '"@/schemas/productSchema"' has no exported member 'productReturnTransaction'.
src/controllers/productController.ts(1,54): error TS2305: Module '"@/schemas/productSchema"' has no exported member 'productStock'.
src/controllers/productController.ts(3,163): error TS2305: Module '"@/schemas"' has no exported member 'productBasicTransaction'.

4:24:23 PM - Found 5 errors. Watching for file changes.
c4:26:26 PM - File change detected. Starting incremental compilation...

src/controllers/clientController.ts(3,34): error TS2305: Module '"@/schemas"' has no exported member 'clientProduct'.
src/controllers/productController.ts(1,10): error TS2305: Module '"@/schemas/productSchema"' has no exported member 'productReturning'.
src/controllers/productController.ts(1,28): error TS2305: Module '"@/schemas/productSchema"' has no exported member 'productReturnTransaction'.
src/controllers/productController.ts(1,54): error TS2305: Module '"@/schemas/productSchema"' has no exported member 'productStock'.
src/controllers/productController.ts(3,163): error TS2305: Module '"@/schemas"' has no exported member 'productBasicTransaction'.

4:26:26 PM - Found 5 errors. Watching for file changes.
c4:37:35 PM - File change detected. Starting incremental compilation...

src/controllers/clientController.ts(3,34): error TS2305: Module '"@/schemas"' has no exported member 'clientProduct'.
src/controllers/productController.ts(1,10): error TS2305: Module '"@/schemas/productSchema"' has no exported member 'productReturning'.
src/controllers/productController.ts(1,28): error TS2305: Module '"@/schemas/productSchema"' has no exported member 'productReturnTransaction'.
src/controllers/productController.ts(1,54): error TS2305: Module '"@/schemas/productSchema"' has no exported member 'productStock'.
src/controllers/productController.ts(3,163): error TS2305: Module '"@/schemas"' has no exported member 'productBasicTransaction'.

4:37:35 PM - Found 5 errors. Watching for file changes.
=======
c8:33:57 AM - Starting compilation in watch mode...


8:34:00 AM - Found 0 errors. Watching for file changes.
c8:45:02 AM - Starting compilation in watch mode...


8:45:04 AM - Found 0 errors. Watching for file changes.
c8:49:47 AM - File change detected. Starting incremental compilation...


8:49:48 AM - Found 0 errors. Watching for file changes.
c8:52:11 AM - File change detected. Starting incremental compilation...


8:52:11 AM - Found 0 errors. Watching for file changes.
c8:52:30 AM - File change detected. Starting incremental compilation...


8:52:32 AM - Found 0 errors. Watching for file changes.
c8:53:51 AM - File change detected. Starting incremental compilation...


8:53:51 AM - Found 0 errors. Watching for file changes.
c8:54:07 AM - File change detected. Starting incremental compilation...


8:54:07 AM - Found 0 errors. Watching for file changes.
c8:54:14 AM - File change detected. Starting incremental compilation...


8:54:14 AM - Found 0 errors. Watching for file changes.
c8:54:44 AM - File change detected. Starting incremental compilation...


8:54:44 AM - Found 0 errors. Watching for file changes.
c8:54:46 AM - File change detected. Starting incremental compilation...


8:54:46 AM - Found 0 errors. Watching for file changes.
c8:55:58 AM - File change detected. Starting incremental compilation...


8:55:58 AM - Found 0 errors. Watching for file changes.
c8:57:16 AM - File change detected. Starting incremental compilation...


8:57:16 AM - Found 0 errors. Watching for file changes.
c8:58:08 AM - File change detected. Starting incremental compilation...


8:58:08 AM - Found 0 errors. Watching for file changes.
c8:58:14 AM - File change detected. Starting incremental compilation...


8:58:14 AM - Found 0 errors. Watching for file changes.
c9:00:47 AM - File change detected. Starting incremental compilation...


9:00:47 AM - Found 0 errors. Watching for file changes.
c11:07:09 AM - File change detected. Starting incremental compilation...


11:07:09 AM - Found 0 errors. Watching for file changes.
c11:07:16 AM - File change detected. Starting incremental compilation...


11:07:16 AM - Found 0 errors. Watching for file changes.
c11:08:54 AM - File change detected. Starting incremental compilation...


11:08:54 AM - Found 0 errors. Watching for file changes.
c11:11:45 AM - File change detected. Starting incremental compilation...


11:11:45 AM - Found 0 errors. Watching for file changes.
c11:12:49 AM - Starting compilation in watch mode...


11:12:52 AM - Found 0 errors. Watching for file changes.
c11:14:52 AM - File change detected. Starting incremental compilation...


11:14:52 AM - Found 0 errors. Watching for file changes.
c11:15:32 AM - File change detected. Starting incremental compilation...


11:15:33 AM - Found 0 errors. Watching for file changes.
c11:15:54 AM - File change detected. Starting incremental compilation...


11:15:54 AM - Found 0 errors. Watching for file changes.
c11:17:12 AM - File change detected. Starting incremental compilation...


11:17:12 AM - Found 0 errors. Watching for file changes.
c11:18:06 AM - File change detected. Starting incremental compilation...


11:18:06 AM - Found 0 errors. Watching for file changes.
c11:23:52 AM - File change detected. Starting incremental compilation...


11:23:52 AM - Found 0 errors. Watching for file changes.
c11:24:02 AM - File change detected. Starting incremental compilation...


11:24:02 AM - Found 0 errors. Watching for file changes.
c11:24:10 AM - File change detected. Starting incremental compilation...


11:24:10 AM - Found 0 errors. Watching for file changes.
c11:25:11 AM - File change detected. Starting incremental compilation...


11:25:11 AM - Found 0 errors. Watching for file changes.
c11:58:40 AM - File change detected. Starting incremental compilation...


11:58:42 AM - Found 0 errors. Watching for file changes.
c11:58:43 AM - File change detected. Starting incremental compilation...


11:58:43 AM - Found 0 errors. Watching for file changes.
c11:58:50 AM - File change detected. Starting incremental compilation...


11:58:52 AM - Found 0 errors. Watching for file changes.
c11:58:52 AM - File change detected. Starting incremental compilation...


11:58:52 AM - Found 0 errors. Watching for file changes.
c11:59:05 AM - File change detected. Starting incremental compilation...


11:59:05 AM - Found 0 errors. Watching for file changes.
c11:59:10 AM - Starting compilation in watch mode...


11:59:13 AM - Found 0 errors. Watching for file changes.
c12:00:14 PM - Starting compilation in watch mode...


12:00:17 PM - Found 0 errors. Watching for file changes.
c12:20:33 PM - Starting compilation in watch mode...


12:20:36 PM - Found 0 errors. Watching for file changes.
c5:15:42 PM - Starting compilation in watch mode...


5:15:45 PM - Found 0 errors. Watching for file changes.
c5:21:56 PM - File change detected. Starting incremental compilation...


5:21:57 PM - Found 0 errors. Watching for file changes.
c5:22:30 PM - File change detected. Starting incremental compilation...


5:22:30 PM - Found 0 errors. Watching for file changes.
c5:22:43 PM - File change detected. Starting incremental compilation...


5:22:43 PM - Found 0 errors. Watching for file changes.
c5:23:14 PM - File change detected. Starting incremental compilation...


5:23:14 PM - Found 0 errors. Watching for file changes.
c5:26:02 PM - File change detected. Starting incremental compilation...

src/classes/db.ts(266,29): error TS2554: Expected 1-3 arguments, but got 0.

5:26:03 PM - Found 1 error. Watching for file changes.
c5:26:08 PM - File change detected. Starting incremental compilation...


5:26:08 PM - Found 0 errors. Watching for file changes.
c5:27:49 PM - File change detected. Starting incremental compilation...


5:27:50 PM - Found 0 errors. Watching for file changes.
c5:30:36 PM - File change detected. Starting incremental compilation...


5:30:37 PM - Found 0 errors. Watching for file changes.
c5:31:43 PM - File change detected. Starting incremental compilation...


5:31:44 PM - Found 0 errors. Watching for file changes.
c5:32:34 PM - File change detected. Starting incremental compilation...


5:32:34 PM - Found 0 errors. Watching for file changes.
c5:32:52 PM - File change detected. Starting incremental compilation...


5:32:52 PM - Found 0 errors. Watching for file changes.
c5:33:17 PM - File change detected. Starting incremental compilation...


5:33:17 PM - Found 0 errors. Watching for file changes.
c5:41:26 PM - File change detected. Starting incremental compilation...


5:41:26 PM - Found 0 errors. Watching for file changes.
c5:42:58 PM - File change detected. Starting incremental compilation...


5:42:58 PM - Found 0 errors. Watching for file changes.
c5:45:32 PM - File change detected. Starting incremental compilation...


5:45:32 PM - Found 0 errors. Watching for file changes.
c5:45:40 PM - File change detected. Starting incremental compilation...


5:45:40 PM - Found 0 errors. Watching for file changes.
c5:45:54 PM - File change detected. Starting incremental compilation...


5:45:54 PM - Found 0 errors. Watching for file changes.
c5:49:43 PM - File change detected. Starting incremental compilation...


5:49:43 PM - Found 0 errors. Watching for file changes.
c5:49:49 PM - File change detected. Starting incremental compilation...


5:49:49 PM - Found 0 errors. Watching for file changes.
c5:53:36 PM - File change detected. Starting incremental compilation...


5:53:36 PM - Found 0 errors. Watching for file changes.
c5:54:05 PM - File change detected. Starting incremental compilation...


5:54:05 PM - Found 0 errors. Watching for file changes.
c5:54:31 PM - File change detected. Starting incremental compilation...


5:54:31 PM - Found 0 errors. Watching for file changes.
c5:55:59 PM - File change detected. Starting incremental compilation...


5:56:00 PM - Found 0 errors. Watching for file changes.
c5:56:03 PM - File change detected. Starting incremental compilation...


5:56:03 PM - Found 0 errors. Watching for file changes.
c5:58:23 PM - File change detected. Starting incremental compilation...


5:58:23 PM - Found 0 errors. Watching for file changes.
c5:58:41 PM - File change detected. Starting incremental compilation...


5:58:41 PM - Found 0 errors. Watching for file changes.
c5:58:59 PM - Starting compilation in watch mode...

src/classes/db.ts(297,13): error TS2794: Expected 1 arguments, but got 0. Did you forget to include 'void' in your type argument to 'Promise'?

5:59:02 PM - Found 1 error. Watching for file changes.
c5:59:27 PM - File change detected. Starting incremental compilation...

src/classes/db.ts(299,13): error TS2794: Expected 1 arguments, but got 0. Did you forget to include 'void' in your type argument to 'Promise'?

5:59:29 PM - Found 1 error. Watching for file changes.
c5:59:35 PM - File change detected. Starting incremental compilation...


5:59:35 PM - Found 0 errors. Watching for file changes.
c6:00:17 PM - Starting compilation in watch mode...


6:00:19 PM - Found 0 errors. Watching for file changes.
c6:01:54 PM - File change detected. Starting incremental compilation...


6:01:56 PM - Found 0 errors. Watching for file changes.
c6:02:03 PM - File change detected. Starting incremental compilation...


6:02:03 PM - Found 0 errors. Watching for file changes.
c6:02:42 PM - File change detected. Starting incremental compilation...


6:02:43 PM - Found 0 errors. Watching for file changes.
c6:03:15 PM - File change detected. Starting incremental compilation...


6:03:17 PM - Found 0 errors. Watching for file changes.
c6:04:59 PM - File change detected. Starting incremental compilation...


6:05:00 PM - Found 0 errors. Watching for file changes.
c6:07:28 PM - File change detected. Starting incremental compilation...


6:07:28 PM - Found 0 errors. Watching for file changes.
c6:07:46 PM - File change detected. Starting incremental compilation...


6:07:46 PM - Found 0 errors. Watching for file changes.
c6:07:58 PM - File change detected. Starting incremental compilation...


6:07:59 PM - Found 0 errors. Watching for file changes.
c6:08:25 PM - File change detected. Starting incremental compilation...


6:08:25 PM - Found 0 errors. Watching for file changes.
c6:08:56 PM - File change detected. Starting incremental compilation...


6:08:56 PM - Found 0 errors. Watching for file changes.
c6:09:39 PM - File change detected. Starting incremental compilation...


6:09:39 PM - Found 0 errors. Watching for file changes.
c6:11:29 PM - File change detected. Starting incremental compilation...


6:11:29 PM - Found 0 errors. Watching for file changes.
c6:11:51 PM - File change detected. Starting incremental compilation...


6:11:51 PM - Found 0 errors. Watching for file changes.
c6:16:13 PM - File change detected. Starting incremental compilation...


6:16:13 PM - Found 0 errors. Watching for file changes.
c6:16:51 PM - File change detected. Starting incremental compilation...


6:16:52 PM - Found 0 errors. Watching for file changes.
c6:17:02 PM - File change detected. Starting incremental compilation...


6:17:03 PM - Found 0 errors. Watching for file changes.
c6:17:53 PM - File change detected. Starting incremental compilation...


6:17:53 PM - Found 0 errors. Watching for file changes.
c6:18:30 PM - File change detected. Starting incremental compilation...


6:18:30 PM - Found 0 errors. Watching for file changes.
c6:19:27 PM - File change detected. Starting incremental compilation...

src/controllers/productController.ts(467,41): error TS1005: ',' expected.
src/controllers/productController.ts(467,43): error TS1005: ',' expected.

6:19:28 PM - Found 2 errors. Watching for file changes.
c6:19:34 PM - File change detected. Starting incremental compilation...


6:19:34 PM - Found 0 errors. Watching for file changes.
c6:20:03 PM - File change detected. Starting incremental compilation...


6:20:03 PM - Found 0 errors. Watching for file changes.
c6:29:04 PM - File change detected. Starting incremental compilation...

src/classes/db.ts(352,9): error TS1003: Identifier expected.

6:29:05 PM - Found 1 error. Watching for file changes.
c6:29:08 PM - File change detected. Starting incremental compilation...

src/classes/db.ts(352,9): error TS1003: Identifier expected.

6:29:08 PM - Found 1 error. Watching for file changes.
c6:29:27 PM - File change detected. Starting incremental compilation...


6:29:28 PM - Found 0 errors. Watching for file changes.
c6:30:36 PM - File change detected. Starting incremental compilation...


6:30:36 PM - Found 0 errors. Watching for file changes.
c6:30:58 PM - File change detected. Starting incremental compilation...


6:30:58 PM - Found 0 errors. Watching for file changes.
c6:31:13 PM - File change detected. Starting incremental compilation...


6:31:13 PM - Found 0 errors. Watching for file changes.
c6:32:07 PM - File change detected. Starting incremental compilation...


6:32:07 PM - Found 0 errors. Watching for file changes.
c6:38:04 PM - File change detected. Starting incremental compilation...

src/classes/db.ts(310,84): error TS2554: Expected 2 arguments, but got 1.

6:38:04 PM - Found 1 error. Watching for file changes.
c6:43:54 PM - File change detected. Starting incremental compilation...


6:43:54 PM - Found 0 errors. Watching for file changes.
c6:45:03 PM - File change detected. Starting incremental compilation...


6:45:03 PM - Found 0 errors. Watching for file changes.
c6:48:38 PM - File change detected. Starting incremental compilation...


6:48:39 PM - Found 0 errors. Watching for file changes.
c6:48:59 PM - File change detected. Starting incremental compilation...


6:49:00 PM - Found 0 errors. Watching for file changes.
c6:49:12 PM - File change detected. Starting incremental compilation...


6:49:12 PM - Found 0 errors. Watching for file changes.
c6:50:34 PM - File change detected. Starting incremental compilation...


6:50:34 PM - Found 0 errors. Watching for file changes.
c6:51:05 PM - File change detected. Starting incremental compilation...


6:51:05 PM - Found 0 errors. Watching for file changes.
c6:51:11 PM - File change detected. Starting incremental compilation...


6:51:11 PM - Found 0 errors. Watching for file changes.
c6:51:26 PM - File change detected. Starting incremental compilation...


6:51:26 PM - Found 0 errors. Watching for file changes.
c6:58:10 PM - Starting compilation in watch mode...


6:58:12 PM - Found 0 errors. Watching for file changes.
c7:03:50 PM - File change detected. Starting incremental compilation...


7:03:52 PM - Found 0 errors. Watching for file changes.
c7:06:53 PM - File change detected. Starting incremental compilation...


7:06:53 PM - Found 0 errors. Watching for file changes.
c7:07:09 PM - File change detected. Starting incremental compilation...


7:07:09 PM - Found 0 errors. Watching for file changes.
c7:07:28 PM - File change detected. Starting incremental compilation...


7:07:29 PM - Found 0 errors. Watching for file changes.
c7:10:07 PM - File change detected. Starting incremental compilation...


7:10:07 PM - Found 0 errors. Watching for file changes.
c7:10:12 PM - File change detected. Starting incremental compilation...


7:10:12 PM - Found 0 errors. Watching for file changes.
c7:13:30 PM - File change detected. Starting incremental compilation...


7:13:30 PM - Found 0 errors. Watching for file changes.
c7:13:33 PM - File change detected. Starting incremental compilation...


7:13:33 PM - Found 0 errors. Watching for file changes.
c7:15:37 PM - File change detected. Starting incremental compilation...


7:15:37 PM - Found 0 errors. Watching for file changes.
c7:23:45 PM - File change detected. Starting incremental compilation...


7:23:47 PM - Found 0 errors. Watching for file changes.
c7:23:55 PM - File change detected. Starting incremental compilation...


7:23:55 PM - Found 0 errors. Watching for file changes.
c7:26:46 PM - File change detected. Starting incremental compilation...


7:26:46 PM - Found 0 errors. Watching for file changes.
c7:27:57 PM - File change detected. Starting incremental compilation...


7:27:57 PM - Found 0 errors. Watching for file changes.
c1:21:55 PM - Starting compilation in watch mode...


1:21:57 PM - Found 0 errors. Watching for file changes.
c1:26:49 PM - File change detected. Starting incremental compilation...


1:26:50 PM - Found 0 errors. Watching for file changes.
c1:28:31 PM - File change detected. Starting incremental compilation...


1:28:31 PM - Found 0 errors. Watching for file changes.
c1:29:40 PM - File change detected. Starting incremental compilation...


1:29:40 PM - Found 0 errors. Watching for file changes.
c1:29:55 PM - File change detected. Starting incremental compilation...


1:29:55 PM - Found 0 errors. Watching for file changes.
c1:31:05 PM - File change detected. Starting incremental compilation...


1:31:05 PM - Found 0 errors. Watching for file changes.
c1:34:29 PM - File change detected. Starting incremental compilation...


1:34:29 PM - Found 0 errors. Watching for file changes.
c1:36:27 PM - File change detected. Starting incremental compilation...

src/routes/api.ts(7,182): error TS2724: '"../controllers/productController"' has no exported member named 'returnItemAux'. Did you mean 'returnItem'?

1:36:27 PM - Found 1 error. Watching for file changes.
c1:36:44 PM - File change detected. Starting incremental compilation...

src/routes/api.ts(7,182): error TS2724: '"../controllers/productController"' has no exported member named 'returnItemAux'. Did you mean 'returnItem'?

1:36:45 PM - Found 1 error. Watching for file changes.
c1:37:39 PM - File change detected. Starting incremental compilation...


1:37:39 PM - Found 0 errors. Watching for file changes.
c1:42:28 PM - File change detected. Starting incremental compilation...


1:42:28 PM - Found 0 errors. Watching for file changes.
c1:44:19 PM - File change detected. Starting incremental compilation...


1:44:19 PM - Found 0 errors. Watching for file changes.
c1:45:05 PM - File change detected. Starting incremental compilation...


1:45:05 PM - Found 0 errors. Watching for file changes.
c1:45:42 PM - File change detected. Starting incremental compilation...


1:45:42 PM - Found 0 errors. Watching for file changes.
c1:45:48 PM - File change detected. Starting incremental compilation...


1:45:48 PM - Found 0 errors. Watching for file changes.
c1:46:17 PM - File change detected. Starting incremental compilation...


1:46:17 PM - Found 0 errors. Watching for file changes.
c1:47:04 PM - File change detected. Starting incremental compilation...


1:47:04 PM - Found 0 errors. Watching for file changes.
c1:47:33 PM - File change detected. Starting incremental compilation...


1:47:33 PM - Found 0 errors. Watching for file changes.
c1:49:47 PM - File change detected. Starting incremental compilation...


1:49:47 PM - Found 0 errors. Watching for file changes.
c1:51:02 PM - File change detected. Starting incremental compilation...


1:51:02 PM - Found 0 errors. Watching for file changes.
c1:51:24 PM - File change detected. Starting incremental compilation...


1:51:24 PM - Found 0 errors. Watching for file changes.
c1:51:36 PM - File change detected. Starting incremental compilation...


1:51:36 PM - Found 0 errors. Watching for file changes.
c1:53:27 PM - File change detected. Starting incremental compilation...


1:53:27 PM - Found 0 errors. Watching for file changes.
c1:53:54 PM - File change detected. Starting incremental compilation...


1:53:54 PM - Found 0 errors. Watching for file changes.
c3:24:09 PM - File change detected. Starting incremental compilation...


3:24:10 PM - Found 0 errors. Watching for file changes.
c3:30:22 PM - File change detected. Starting incremental compilation...


3:30:22 PM - Found 0 errors. Watching for file changes.
c3:31:11 PM - File change detected. Starting incremental compilation...

src/controllers/clientController.ts(47,11): error TS1155: 'const' declarations must be initialized.
src/controllers/clientController.ts(47,21): error TS2314: Generic type 'Array<T>' requires 1 type argument(s).
src/controllers/clientController.ts(47,26): error TS1099: Type argument list cannot be empty.

3:31:11 PM - Found 3 errors. Watching for file changes.
c3:31:26 PM - File change detected. Starting incremental compilation...

src/controllers/clientController.ts(47,11): error TS1155: 'const' declarations must be initialized.
src/controllers/clientController.ts(47,21): error TS2314: Generic type 'Array<T>' requires 1 type argument(s).
src/controllers/clientController.ts(47,26): error TS1099: Type argument list cannot be empty.

3:31:27 PM - Found 3 errors. Watching for file changes.
c3:32:53 PM - File change detected. Starting incremental compilation...

src/controllers/clientController.ts(47,11): error TS1155: 'const' declarations must be initialized.
src/controllers/clientController.ts(47,21): error TS2314: Generic type 'Array<T>' requires 1 type argument(s).
src/controllers/clientController.ts(47,26): error TS1099: Type argument list cannot be empty.

3:32:54 PM - Found 3 errors. Watching for file changes.
c3:33:24 PM - File change detected. Starting incremental compilation...


3:33:25 PM - Found 0 errors. Watching for file changes.
c3:33:27 PM - File change detected. Starting incremental compilation...


3:33:27 PM - Found 0 errors. Watching for file changes.
c3:41:32 PM - File change detected. Starting incremental compilation...


3:41:32 PM - Found 0 errors. Watching for file changes.
c3:51:54 PM - File change detected. Starting incremental compilation...


3:51:54 PM - Found 0 errors. Watching for file changes.
c3:54:02 PM - File change detected. Starting incremental compilation...


3:54:02 PM - Found 0 errors. Watching for file changes.
c3:54:08 PM - File change detected. Starting incremental compilation...


3:54:08 PM - Found 0 errors. Watching for file changes.
c4:00:16 PM - File change detected. Starting incremental compilation...


4:00:16 PM - Found 0 errors. Watching for file changes.
c4:42:11 PM - File change detected. Starting incremental compilation...


4:42:12 PM - Found 0 errors. Watching for file changes.
c4:45:08 PM - File change detected. Starting incremental compilation...


4:45:08 PM - Found 0 errors. Watching for file changes.
c4:45:47 PM - File change detected. Starting incremental compilation...


4:45:47 PM - Found 0 errors. Watching for file changes.
c4:46:27 PM - File change detected. Starting incremental compilation...


4:46:27 PM - Found 0 errors. Watching for file changes.
c4:53:10 PM - File change detected. Starting incremental compilation...


4:53:10 PM - Found 0 errors. Watching for file changes.
c4:55:18 PM - File change detected. Starting incremental compilation...


4:55:18 PM - Found 0 errors. Watching for file changes.
c4:57:03 PM - File change detected. Starting incremental compilation...


4:57:03 PM - Found 0 errors. Watching for file changes.
c4:57:55 PM - File change detected. Starting incremental compilation...


4:57:55 PM - Found 0 errors. Watching for file changes.
c4:59:04 PM - File change detected. Starting incremental compilation...


4:59:04 PM - Found 0 errors. Watching for file changes.
c5:02:46 PM - File change detected. Starting incremental compilation...


5:02:46 PM - Found 0 errors. Watching for file changes.
c5:02:54 PM - File change detected. Starting incremental compilation...


5:02:54 PM - Found 0 errors. Watching for file changes.
c5:03:07 PM - File change detected. Starting incremental compilation...


5:03:07 PM - Found 0 errors. Watching for file changes.
c5:03:14 PM - File change detected. Starting incremental compilation...


5:03:15 PM - Found 0 errors. Watching for file changes.
c5:03:21 PM - File change detected. Starting incremental compilation...


5:03:21 PM - Found 0 errors. Watching for file changes.
c5:10:21 PM - File change detected. Starting incremental compilation...


5:10:21 PM - Found 0 errors. Watching for file changes.
c10:01:06 PM - Starting compilation in watch mode...


10:01:10 PM - Found 0 errors. Watching for file changes.
c10:05:25 PM - File change detected. Starting incremental compilation...


10:05:26 PM - Found 0 errors. Watching for file changes.
c10:06:48 PM - File change detected. Starting incremental compilation...

src/controllers/userController.ts(111,51): error TS2554: Expected 4 arguments, but got 3.
src/routes/api.ts(112,51): error TS2554: Expected 4 arguments, but got 3.

10:06:48 PM - Found 2 errors. Watching for file changes.
c10:07:08 PM - File change detected. Starting incremental compilation...

src/routes/api.ts(112,51): error TS2554: Expected 4 arguments, but got 3.

10:07:08 PM - Found 1 error. Watching for file changes.
c10:07:09 PM - File change detected. Starting incremental compilation...


10:07:09 PM - Found 0 errors. Watching for file changes.
c4:16:13 PM - Starting compilation in watch mode...


4:16:17 PM - Found 0 errors. Watching for file changes.
c2:05:02 PM - Starting compilation in watch mode...


2:05:05 PM - Found 0 errors. Watching for file changes.
c2:13:05 PM - File change detected. Starting incremental compilation...


2:13:05 PM - Found 0 errors. Watching for file changes.
c2:54:19 PM - File change detected. Starting incremental compilation...


2:54:21 PM - Found 0 errors. Watching for file changes.
c2:54:21 PM - File change detected. Starting incremental compilation...


2:54:21 PM - Found 0 errors. Watching for file changes.
c3:35:23 PM - File change detected. Starting incremental compilation...


3:35:23 PM - Found 0 errors. Watching for file changes.
c3:35:40 PM - File change detected. Starting incremental compilation...


3:35:40 PM - Found 0 errors. Watching for file changes.
c3:36:06 PM - File change detected. Starting incremental compilation...


3:36:08 PM - Found 0 errors. Watching for file changes.
c3:50:23 PM - File change detected. Starting incremental compilation...


3:50:24 PM - Found 0 errors. Watching for file changes.
c3:50:36 PM - File change detected. Starting incremental compilation...


3:50:36 PM - Found 0 errors. Watching for file changes.
c4:45:29 PM - File change detected. Starting incremental compilation...


4:45:30 PM - Found 0 errors. Watching for file changes.
c4:48:10 PM - File change detected. Starting incremental compilation...


4:48:11 PM - Found 0 errors. Watching for file changes.
c4:50:50 PM - File change detected. Starting incremental compilation...


4:50:50 PM - Found 0 errors. Watching for file changes.
c4:51:42 PM - File change detected. Starting incremental compilation...


4:51:42 PM - Found 0 errors. Watching for file changes.
c5:36:05 PM - File change detected. Starting incremental compilation...


5:36:07 PM - Found 0 errors. Watching for file changes.
c5:42:02 PM - File change detected. Starting incremental compilation...


5:42:03 PM - Found 0 errors. Watching for file changes.
c5:42:45 PM - File change detected. Starting incremental compilation...


5:42:46 PM - Found 0 errors. Watching for file changes.
>>>>>>> Stashed changes
